
	            G L O B A L   R E F E R E N C E S

	             Name               Value        Type
	==============================|=======|===============
	SP_INICIAL                       FDFF         CONSTANT
	FIM_STR                          0040         CONSTANT
	IO_TEMP                          FFF6         CONSTANT
	IO_TC                            FFF7         CONSTANT
	INT_MASK_ADDR                    FFFA         CONSTANT
	INT_MASK                         847E         CONSTANT
	IO                               FFFE         CONSTANT
	IO_CURSOR                        FFFC         CONSTANT
	IO_DISPLAY0                      FFF0         CONSTANT
	IO_DISPLAY1                      FFF1         CONSTANT
	LCD_CURSOR                       FFF4         CONSTANT
	LCD                              FFF5         CONSTANT
	MASC                             8016         CONSTANT
	LEDS                             FFF8         CONSTANT
	codigo                           8000         VARIABLE
	codigo_m                         8001         VARIABLE
	tentativa                        8002         VARIABLE
	tentativa_m                      8003         VARIABLE
	loc_cursor                       8004         VARIABLE
	novo_jogo_                       8005         VARIABLE
	cont_jogadas                     8006         VARIABLE
	acertou                          8007         VARIABLE
	perdeu_jogo                      8008         VARIABLE
	apaga_led                        8009         VARIABLE
	cron                             800A         VARIABLE
	recorde                          800B         VARIABLE
	contador                         800C         VARIABLE
	certos                           800D         VARIABLE
	errados                          800E         VARIABLE
	VarStr_INICIO_JOGO               800F           STRING
	STR_perdeu_jogo                  8031           STRING
	STR_recomecar                    804D           STRING
	STR_ganhou                       806B           STRING
	VarStr_recorde                   807D           STRING
	INT1                             FE01         VARIABLE
	INT2                             FE02         VARIABLE
	INT3                             FE03         VARIABLE
	INT4                             FE04         VARIABLE
	INT5                             FE05         VARIABLE
	INT6                             FE06         VARIABLE
	INTF                             FE0F         VARIABLE
	INTA                             FE0A         VARIABLE
	INT1F                            000E            LABEL
	INT2F                            0018            LABEL
	INT3F                            0022            LABEL
	INT4F                            002C            LABEL
	INT5F                            0036            LABEL
	INT6F                            0040            LABEL
	INTAF                            004A            LABEL
	INTFF                            0051            LABEL
	esc_linha_seg                    0061            LABEL
	passar_str                       006B            LABEL
	escrever                         0074            LABEL
	end_out                          007F            LABEL
	random                           0085            LABEL
	E_PAR                            0091            LABEL
	ran_p                            0098            LABEL
	ran_i                            009A            LABEL
	ran_ambos                        009D            LABEL
	c_div6                           00A1            LABEL
	limpar_janela                    00B8            LABEL
	cicle                            00BB            LABEL
	fim_limpar                       00D2            LABEL
	wrt_7seg                         00D9            LABEL
	receber_tent                     00F1            LABEL
	travao                           00FA            LABEL
	apagar_led                       010A            LABEL
	jogou                            0111            LABEL
	todos_apagados                   0117            LABEL
	p_certa                          011F            LABEL
	c_certa                          0129            LABEL
	pro_digito                       0132            LABEL
	p_errada                         014E            LABEL
	c_errada                         0156            LABEL
	r_codigo                         016A            LABEL
	r_tenta                          0172            LABEL
	f_errada                         0181            LABEL
	atua_R3                          018C            LABEL
	Conta_x                          0190            LABEL
	Ciclo_x                          0194            LABEL
	Conta_o                          019A            LABEL
	Ciclo_o                          019F            LABEL
	f_atua_R3                        01A5            LABEL
	del_digito                       01A8            LABEL
	esc_frent                        01B7            LABEL
	output                           01C7            LABEL
	cic_output                       01CF            LABEL
	X_                               01EF            LABEL
	n_acertou                        01F9            LABEL
	C_x                              01FB            LABEL
	O_                               0204            LABEL
	C_o                              020A            LABEL
	Trc                              0213            LABEL
	C_trc                            021D            LABEL
	fim_out                          0227            LABEL
	c_tents                          0235            LABEL
	acertou_tent                     0256            LABEL
	esgotou_tent                     0258            LABEL
	esc_hsc                          025E            LABEL
	High                             026D            LABEL
	C_escrita                        0273            LABEL
	ganhou                           02A0            LABEL
	perdeu                           02B4            LABEL
	ciclo_codigo                     02C4            LABEL
	novo_jogo                        02DC            LABEL
	nova_tentat                      02F2            LABEL
	inicio                           031A            LABEL
