
	            G L O B A L   R E F E R E N C E S

	             Name               Value        Type
	==============================|=======|===============
	SP_INICIAL                       FDFF         CONSTANT
	FIM_STR                          0040         CONSTANT
	IO_TEMP                          FFF6         CONSTANT
	IO_TC                            FFF7         CONSTANT
	INT_MASK_ADDR                    FFFA         CONSTANT
	INT_MASK                         847E         CONSTANT
	IO                               FFFE         CONSTANT
	IO_CURSOR                        FFFC         CONSTANT
	NL                               000A         CONSTANT
	tentativa                        8000         VARIABLE
	codigo                           8001         VARIABLE
	perdeu_jogo                      8002         VARIABLE
	loc_cursor                       8003         VARIABLE
	novo_jogo_                       8004         VARIABLE
	cont_jogadas                     8005         VARIABLE
	acertou                          8006         VARIABLE
	codigo_m                         8007         VARIABLE
	tentativa_m                      8008         VARIABLE
	certos                           8009         VARIABLE
	errados                          800A         VARIABLE
	cruzes                           800B         VARIABLE
	bolas                            800C         VARIABLE
	tracos                           800D         VARIABLE
	apaga_led                        800E         VARIABLE
	cron                             800F         VARIABLE
	VarStr_INICIO_JOGO               8010           STRING
	STR_perdeu_jogo                  8032           STRING
	STR_recomecar                    803E           STRING
	STR_ganhou                       805C           STRING
	INT1                             FE01         VARIABLE
	INT2                             FE02         VARIABLE
	INT3                             FE03         VARIABLE
	INT4                             FE04         VARIABLE
	INT5                             FE05         VARIABLE
	INT6                             FE06         VARIABLE
	INTF                             FE0F         VARIABLE
	INTA                             FE0A         VARIABLE
	INT1F                            000E            LABEL
	INT2F                            0018            LABEL
	INT3F                            0022            LABEL
	INT4F                            002C            LABEL
	INT5F                            0036            LABEL
	INT6F                            0040            LABEL
	INTAF                            004A            LABEL
	esc_linha_seg                    0051            LABEL
	passar_str                       005B            LABEL
	escrever                         0064            LABEL
	end_out                          006F            LABEL
	INTFF                            0075            LABEL
	apagar_led                       0085            LABEL
	ligar_leds                       008C            LABEL
	travao                           0095            LABEL
	sai                              00A6            LABEL
	todos_apagados                   00AC            LABEL
	limpar_janela                    00B4            LABEL
	cicle                            00B7            LABEL
	fim_limpar                       00CE            LABEL
	codigo_secreto                   00D5            LABEL
	esc_frent                        00DC            LABEL
	output                           00EA            LABEL
	X_                               0127            LABEL
	n_acaba                          0130            LABEL
	C_x                              0132            LABEL
	O_                               013B            LABEL
	C_o                              013F            LABEL
	Trc                              0148            LABEL
	C_trc                            014C            LABEL
	fim_out                          0155            LABEL
	atua_R3                          0163            LABEL
	Conta_x                          0167            LABEL
	Ciclo_x                          016D            LABEL
	Conta_o                          0174            LABEL
	Ciclo_o                          0178            LABEL
	Conta_t                          017F            LABEL
	Ciclo_t                          0188            LABEL
	next                             018D            LABEL
	mais_nove                        0190            LABEL
	p_certa                          019F            LABEL
	c_certa                          01A9            LABEL
	ciclo_ROR                        01B2            LABEL
	p_errada                         01C8            LABEL
	c_errada                         01D0            LABEL
	r_certo                          01E4            LABEL
	r_tenta                          01EC            LABEL
	r_t_                             01F7            LABEL
	sep_R3                           0200            LABEL
	l_sep_R3                         020A            LABEL
	dois                             0213            LABEL
	um_zero                          021F            LABEL
	zero                             0227            LABEL
	f_sep_R3                         022B            LABEL
	c_tents                          022F            LABEL
	acertou_tent                     0253            LABEL
	esgotou_tent                     0255            LABEL
	ganhou                           025B            LABEL
	perdeu                           026C            LABEL
	novo_jogo                        027B            LABEL
	nova_tentat                      0287            LABEL
	inicio                           02A4            LABEL
	fim                              02B7            LABEL
